<?xml version="1.0" encoding="UTF-8"?>
<!-- Generated by org.testng.reporters.JUnitXMLReporter -->
<testsuite hostname="DESKTOP-LQTUF3F" ignored="0" name="Test" tests="1" failures="1" timestamp="09 Apr 2022 08:53:44 GMT" time="97.247" errors="0">
  <testcase name="validateLogin" time="82.828" classname="DriverFactory.DriverScript">
    <failure type="java.lang.NullPointerException">
      <![CDATA[java.lang.NullPointerException
	at Utilities.ExcelFileUtil.setCellData(ExcelFileUtil.java:53)
	at DriverFactory.DriverScript.validateLogin(DriverScript.java:65)
... Removed 25 stack frames]]>
    </failure>
  </testcase> <!-- validateLogin -->
</testsuite> <!-- Test -->
